Flow report for counter_demo
Fri Oct 25 10:20:18 2019
Quartus Prime Version 18.1.1 Build 646 04/11/2019 SJ Standard Edition


---------------------
; Table of Contents ;
---------------------
  1. Legal Notice
  2. Flow Summary
  3. Flow Settings
  4. Flow Non-Default Global Settings
  5. Flow Elapsed Time
  6. Flow OS Summary
  7. Flow Log
  8. Flow Messages
  9. Flow Suppressed Messages



----------------
; Legal Notice ;
----------------
Copyright (C) 2019  Intel Corporation. All rights reserved.
Your use of Intel Corporation's design tools, logic functions 
and other software and tools, and any partner logic 
functions, and any output files from any of the foregoing 
(including device programming or simulation files), and any 
associated documentation or information are expressly subject 
to the terms and conditions of the Intel Program License 
Subscription Agreement, the Intel Quartus Prime License Agreement,
the Intel FPGA IP License Agreement, or other applicable license
agreement, including, without limitation, that your use is for
the sole purpose of programming logic devices manufactured by
Intel and sold by Intel or its authorized distributors.  Please
refer to the applicable agreement for further details, at
https://fpgasoftware.intel.com/eula.



+--------------------------------------------------------------------------------------+
; Flow Summary                                                                         ;
+------------------------------------+-------------------------------------------------+
; Flow Status                        ; Successful - Fri Oct 25 10:20:18 2019           ;
; Quartus Prime Version              ; 18.1.1 Build 646 04/11/2019 SJ Standard Edition ;
; Revision Name                      ; counter_demo                                    ;
; Top-level Entity Name              ; counter_demo                                    ;
; Family                             ; Cyclone IV E                                    ;
; Device                             ; EP4CE115F29C7                                   ;
; Timing Models                      ; Final                                           ;
; Total logic elements               ; 64 / 114,480 ( < 1 % )                          ;
;     Total combinational functions  ; 63 / 114,480 ( < 1 % )                          ;
;     Dedicated logic registers      ; 37 / 114,480 ( < 1 % )                          ;
; Total registers                    ; 37                                              ;
; Total pins                         ; 16 / 529 ( 3 % )                                ;
; Total virtual pins                 ; 0                                               ;
; Total memory bits                  ; 0 / 3,981,312 ( 0 % )                           ;
; Embedded Multiplier 9-bit elements ; 0 / 532 ( 0 % )                                 ;
; Total PLLs                         ; 0 / 4 ( 0 % )                                   ;
+------------------------------------+-------------------------------------------------+


+-----------------------------------------+
; Flow Settings                           ;
+-------------------+---------------------+
; Option            ; Setting             ;
+-------------------+---------------------+
; Start date & time ; 10/25/2019 10:07:34 ;
; Main task         ; Compilation         ;
; Revision Name     ; counter_demo        ;
+-------------------+---------------------+


+-------------------------------------------------------------------------------------------------------------------------+
; Flow Non-Default Global Settings                                                                                        ;
+-------------------------------------+----------------------------------------+---------------+-------------+------------+
; Assignment Name                     ; Value                                  ; Default Value ; Entity Name ; Section Id ;
+-------------------------------------+----------------------------------------+---------------+-------------+------------+
; COMPILER_SIGNATURE_ID               ; 5066748598.157199085405226             ; --            ; --          ; --         ;
; MAX_CORE_JUNCTION_TEMP              ; 85                                     ; --            ; --          ; --         ;
; MIN_CORE_JUNCTION_TEMP              ; 0                                      ; --            ; --          ; --         ;
; NOMINAL_CORE_SUPPLY_VOLTAGE         ; 1.2V                                   ; --            ; --          ; --         ;
; PARTITION_COLOR                     ; -- (Not supported for targeted family) ; --            ; --          ; Top        ;
; PARTITION_FITTER_PRESERVATION_LEVEL ; -- (Not supported for targeted family) ; --            ; --          ; Top        ;
; PARTITION_NETLIST_TYPE              ; -- (Not supported for targeted family) ; --            ; --          ; Top        ;
; PROJECT_OUTPUT_DIRECTORY            ; output_files                           ; --            ; --          ; --         ;
+-------------------------------------+----------------------------------------+---------------+-------------+------------+


+--------------------------------------------------------------------------------------------------------------------------+
; Flow Elapsed Time                                                                                                        ;
+----------------------+--------------+-------------------------+---------------------+------------------------------------+
; Module Name          ; Elapsed Time ; Average Processors Used ; Peak Virtual Memory ; Total CPU Time (on all processors) ;
+----------------------+--------------+-------------------------+---------------------+------------------------------------+
; Analysis & Synthesis ; 00:00:25     ; 1.0                     ; 943 MB              ; 00:00:36                           ;
; Fitter               ; 00:00:20     ; 1.0                     ; 1454 MB             ; 00:00:23                           ;
; Assembler            ; 00:00:03     ; 1.0                     ; 828 MB              ; 00:00:04                           ;
; Timing Analyzer      ; 00:00:03     ; 1.0                     ; 882 MB              ; 00:00:02                           ;
; Fitter               ; 00:00:21     ; 1.0                     ; 1450 MB             ; 00:00:23                           ;
; Fitter               ; 00:00:17     ; 1.0                     ; 1456 MB             ; 00:00:17                           ;
; Timing Analyzer      ; 00:00:03     ; 1.0                     ; 916 MB              ; 00:00:02                           ;
; Assembler            ; 00:00:05     ; 1.0                     ; 832 MB              ; 00:00:04                           ;
; Total                ; 00:01:37     ; --                      ; --                  ; 00:01:51                           ;
+----------------------+--------------+-------------------------+---------------------+------------------------------------+


+----------------------------------------------------------------------------------------+
; Flow OS Summary                                                                        ;
+----------------------+------------------+----------------+------------+----------------+
; Module Name          ; Machine Hostname ; OS Name        ; OS Version ; Processor type ;
+----------------------+------------------+----------------+------------+----------------+
; Analysis & Synthesis ; id91-023         ; Ubuntu 18.04.3 ; 18         ; x86_64         ;
; Fitter               ; id91-023         ; Ubuntu 18.04.3 ; 18         ; x86_64         ;
; Assembler            ; id91-023         ; Ubuntu 18.04.3 ; 18         ; x86_64         ;
; Timing Analyzer      ; id91-023         ; Ubuntu 18.04.3 ; 18         ; x86_64         ;
; Fitter               ; id91-023         ; Ubuntu 18.04.3 ; 18         ; x86_64         ;
; Fitter               ; id91-023         ; Ubuntu 18.04.3 ; 18         ; x86_64         ;
; Timing Analyzer      ; id91-023         ; Ubuntu 18.04.3 ; 18         ; x86_64         ;
; Assembler            ; id91-023         ; Ubuntu 18.04.3 ; 18         ; x86_64         ;
+----------------------+------------------+----------------+------------+----------------+


------------
; Flow Log ;
------------
quartus_map --read_settings_files=on --write_settings_files=off counter_demo -c counter_demo
quartus_fit --read_settings_files=off --write_settings_files=off counter_demo -c counter_demo
quartus_asm --read_settings_files=off --write_settings_files=off counter_demo -c counter_demo
quartus_sta counter_demo -c counter_demo
quartus_fit --read_settings_files=on --write_settings_files=off counter_demo -c counter_demo
quartus_fit --read_settings_files=on --write_settings_files=off counter_demo -c counter_demo
quartus_sta counter_demo -c counter_demo
quartus_asm --read_settings_files=on --write_settings_files=off counter_demo -c counter_demo



